{"/home/travis/build/npmtest/node-npmtest-grunt-grunticon/test.js":{"path":"/home/travis/build/npmtest/node-npmtest-grunt-grunticon/test.js","s":{"1":2,"2":2,"3":2,"4":2,"5":2,"6":2,"7":2,"8":1,"9":2,"10":2,"11":1,"12":1,"13":1,"14":1,"15":2,"16":2,"17":2,"18":2,"19":1,"20":1,"21":2,"22":2,"23":2,"24":1,"25":1,"26":1,"27":1,"28":1,"29":1,"30":1,"31":1,"32":1,"33":1,"34":1,"35":1,"36":1,"37":1,"38":1,"39":2,"40":2,"41":1,"42":2,"43":2,"44":1,"45":2,"46":2,"47":1,"48":2,"49":2,"50":1,"51":1,"52":1,"53":1,"54":1},"b":{"1":[2,1,1,1],"2":[1,1,1,1],"3":[1,1],"4":[1,1],"5":[1,1],"6":[1,1],"7":[1,1],"8":[1,1],"9":[1,1],"10":[1,1,1],"11":[1,1],"12":[1,1],"13":[1,1],"14":[1,1],"15":[1,1],"16":[1,1],"17":[1,1]},"f":{"1":2,"2":2,"3":2,"4":2,"5":2,"6":1,"7":1,"8":1,"9":2,"10":2,"11":2,"12":2,"13":1},"fnMap":{"1":{"name":"(anonymous_1)","line":12,"loc":{"start":{"line":12,"column":1},"end":{"line":12,"column":13}}},"2":{"name":"(anonymous_2)","line":19,"loc":{"start":{"line":19,"column":5},"end":{"line":19,"column":17}}},"3":{"name":"(anonymous_3)","line":23,"loc":{"start":{"line":23,"column":24},"end":{"line":23,"column":36}}},"4":{"name":"(anonymous_4)","line":61,"loc":{"start":{"line":61,"column":5},"end":{"line":61,"column":17}}},"5":{"name":"(anonymous_5)","line":82,"loc":{"start":{"line":82,"column":5},"end":{"line":82,"column":17}}},"6":{"name":"(anonymous_6)","line":91,"loc":{"start":{"line":91,"column":77},"end":{"line":94,"column":10}}},"7":{"name":"(anonymous_7)","line":112,"loc":{"start":{"line":112,"column":83},"end":{"line":115,"column":10}},"skip":true},"8":{"name":"(anonymous_8)","line":123,"loc":{"start":{"line":123,"column":77},"end":{"line":126,"column":10}},"skip":true},"9":{"name":"(anonymous_9)","line":139,"loc":{"start":{"line":139,"column":12},"end":{"line":139,"column":40}},"skip":true},"10":{"name":"(anonymous_10)","line":147,"loc":{"start":{"line":147,"column":77},"end":{"line":150,"column":10}},"skip":true},"11":{"name":"(anonymous_11)","line":158,"loc":{"start":{"line":158,"column":83},"end":{"line":161,"column":10}},"skip":true},"12":{"name":"(anonymous_12)","line":169,"loc":{"start":{"line":169,"column":79},"end":{"line":172,"column":10}},"skip":true},"13":{"name":"(anonymous_13)","line":180,"loc":{"start":{"line":180,"column":75},"end":{"line":183,"column":10}},"skip":true}},"statementMap":{"1":{"start":{"line":12,"column":0},"end":{"line":195,"column":5}},"2":{"start":{"line":14,"column":4},"end":{"line":14,"column":14}},"3":{"start":{"line":19,"column":4},"end":{"line":56,"column":9}},"4":{"start":{"line":21,"column":8},"end":{"line":21,"column":19}},"5":{"start":{"line":23,"column":8},"end":{"line":35,"column":13}},"6":{"start":{"line":24,"column":12},"end":{"line":34,"column":13}},"7":{"start":{"line":25,"column":16},"end":{"line":28,"column":30}},"8":{"start":{"line":30,"column":16},"end":{"line":33,"column":27}},"9":{"start":{"line":37,"column":8},"end":{"line":39,"column":21}},"10":{"start":{"line":40,"column":8},"end":{"line":53,"column":9}},"11":{"start":{"line":43,"column":12},"end":{"line":46,"column":14}},"12":{"start":{"line":47,"column":12},"end":{"line":47,"column":18}},"13":{"start":{"line":50,"column":12},"end":{"line":51,"column":33}},"14":{"start":{"line":52,"column":12},"end":{"line":52,"column":18}},"15":{"start":{"line":55,"column":8},"end":{"line":55,"column":35}},"16":{"start":{"line":61,"column":4},"end":{"line":63,"column":9}},"17":{"start":{"line":62,"column":8},"end":{"line":62,"column":15}},"18":{"start":{"line":64,"column":4},"end":{"line":77,"column":5}},"19":{"start":{"line":70,"column":8},"end":{"line":70,"column":14}},"20":{"start":{"line":76,"column":8},"end":{"line":76,"column":14}},"21":{"start":{"line":82,"column":4},"end":{"line":84,"column":9}},"22":{"start":{"line":83,"column":8},"end":{"line":83,"column":15}},"23":{"start":{"line":85,"column":4},"end":{"line":194,"column":5}},"24":{"start":{"line":91,"column":8},"end":{"line":99,"column":10}},"25":{"start":{"line":98,"column":12},"end":{"line":98,"column":35}},"26":{"start":{"line":102,"column":8},"end":{"line":104,"column":63}},"27":{"start":{"line":105,"column":8},"end":{"line":105,"column":14}},"28":{"start":{"line":112,"column":8},"end":{"line":121,"column":10},"skip":true},"29":{"start":{"line":119,"column":12},"end":{"line":119,"column":55},"skip":true},"30":{"start":{"line":120,"column":12},"end":{"line":120,"column":48},"skip":true},"31":{"start":{"line":123,"column":8},"end":{"line":136,"column":10},"skip":true},"32":{"start":{"line":130,"column":12},"end":{"line":130,"column":76},"skip":true},"33":{"start":{"line":131,"column":12},"end":{"line":131,"column":73},"skip":true},"34":{"start":{"line":132,"column":12},"end":{"line":132,"column":74},"skip":true},"35":{"start":{"line":133,"column":12},"end":{"line":133,"column":79},"skip":true},"36":{"start":{"line":134,"column":12},"end":{"line":134,"column":25},"skip":true},"37":{"start":{"line":135,"column":12},"end":{"line":135,"column":45},"skip":true},"38":{"start":{"line":138,"column":8},"end":{"line":145,"column":14},"skip":true},"39":{"start":{"line":143,"column":16},"end":{"line":143,"column":29},"skip":true},"40":{"start":{"line":144,"column":16},"end":{"line":144,"column":55},"skip":true},"41":{"start":{"line":147,"column":8},"end":{"line":156,"column":10},"skip":true},"42":{"start":{"line":154,"column":12},"end":{"line":154,"column":25},"skip":true},"43":{"start":{"line":155,"column":12},"end":{"line":155,"column":45},"skip":true},"44":{"start":{"line":158,"column":8},"end":{"line":167,"column":10},"skip":true},"45":{"start":{"line":165,"column":12},"end":{"line":165,"column":25},"skip":true},"46":{"start":{"line":166,"column":12},"end":{"line":166,"column":48},"skip":true},"47":{"start":{"line":169,"column":8},"end":{"line":178,"column":10},"skip":true},"48":{"start":{"line":176,"column":12},"end":{"line":176,"column":25},"skip":true},"49":{"start":{"line":177,"column":12},"end":{"line":177,"column":46},"skip":true},"50":{"start":{"line":180,"column":8},"end":{"line":189,"column":10},"skip":true},"51":{"start":{"line":187,"column":12},"end":{"line":187,"column":94},"skip":true},"52":{"start":{"line":188,"column":12},"end":{"line":188,"column":48},"skip":true},"53":{"start":{"line":192,"column":8},"end":{"line":192,"column":35},"skip":true},"54":{"start":{"line":193,"column":8},"end":{"line":193,"column":14},"skip":true}},"branchMap":{"1":{"line":25,"type":"binary-expr","locations":[{"start":{"line":25,"column":23},"end":{"line":25,"column":62}},{"start":{"line":26,"column":20},"end":{"line":26,"column":70}},{"start":{"line":27,"column":20},"end":{"line":27,"column":71}},{"start":{"line":28,"column":20},"end":{"line":28,"column":29}}]},"2":{"line":30,"type":"binary-expr","locations":[{"start":{"line":30,"column":23},"end":{"line":30,"column":37}},{"start":{"line":31,"column":20},"end":{"line":31,"column":61}},{"start":{"line":32,"column":20},"end":{"line":32,"column":70}},{"start":{"line":33,"column":20},"end":{"line":33,"column":26}}]},"3":{"line":37,"type":"cond-expr","locations":[{"start":{"line":38,"column":14},"end":{"line":38,"column":20}},{"start":{"line":39,"column":14},"end":{"line":39,"column":20}}]},"4":{"line":40,"type":"switch","locations":[{"start":{"line":42,"column":8},"end":{"line":47,"column":18}},{"start":{"line":49,"column":8},"end":{"line":52,"column":18}}]},"5":{"line":44,"type":"binary-expr","locations":[{"start":{"line":44,"column":16},"end":{"line":44,"column":44}},{"start":{"line":44,"column":48},"end":{"line":44,"column":66}}]},"6":{"line":50,"type":"binary-expr","locations":[{"start":{"line":50,"column":21},"end":{"line":50,"column":49}},{"start":{"line":50,"column":53},"end":{"line":50,"column":72}}]},"7":{"line":64,"type":"switch","locations":[{"start":{"line":69,"column":4},"end":{"line":70,"column":14}},{"start":{"line":75,"column":4},"end":{"line":76,"column":14}}]},"8":{"line":85,"type":"switch","locations":[{"start":{"line":90,"column":4},"end":{"line":105,"column":14}},{"start":{"line":111,"column":4},"end":{"line":193,"column":14},"skip":true}]},"9":{"line":91,"type":"binary-expr","locations":[{"start":{"line":91,"column":42},"end":{"line":91,"column":73}},{"start":{"line":91,"column":77},"end":{"line":99,"column":9}}]},"10":{"line":102,"type":"binary-expr","locations":[{"start":{"line":102,"column":18},"end":{"line":102,"column":32}},{"start":{"line":103,"column":12},"end":{"line":103,"column":53}},{"start":{"line":104,"column":12},"end":{"line":104,"column":61}}]},"11":{"line":112,"type":"binary-expr","locations":[{"start":{"line":112,"column":45},"end":{"line":112,"column":79},"skip":true},{"start":{"line":112,"column":83},"end":{"line":121,"column":9},"skip":true}]},"12":{"line":123,"type":"binary-expr","locations":[{"start":{"line":123,"column":42},"end":{"line":123,"column":73},"skip":true},{"start":{"line":123,"column":77},"end":{"line":136,"column":9},"skip":true}]},"13":{"line":138,"type":"binary-expr","locations":[{"start":{"line":138,"column":48},"end":{"line":138,"column":85},"skip":true},{"start":{"line":139,"column":12},"end":{"line":145,"column":13},"skip":true}]},"14":{"line":147,"type":"binary-expr","locations":[{"start":{"line":147,"column":42},"end":{"line":147,"column":73},"skip":true},{"start":{"line":147,"column":77},"end":{"line":156,"column":9},"skip":true}]},"15":{"line":158,"type":"binary-expr","locations":[{"start":{"line":158,"column":45},"end":{"line":158,"column":79},"skip":true},{"start":{"line":158,"column":83},"end":{"line":167,"column":9},"skip":true}]},"16":{"line":169,"type":"binary-expr","locations":[{"start":{"line":169,"column":43},"end":{"line":169,"column":75},"skip":true},{"start":{"line":169,"column":79},"end":{"line":178,"column":9},"skip":true}]},"17":{"line":180,"type":"binary-expr","locations":[{"start":{"line":180,"column":41},"end":{"line":180,"column":71},"skip":true},{"start":{"line":180,"column":75},"end":{"line":189,"column":9},"skip":true}]}},"code":["/* istanbul instrument in package npmtest_grunt_grunticon */","/*jslint","    bitwise: true,","    browser: true,","    maxerr: 8,","    maxlen: 96,","    node: true,","    nomen: true,","    regexp: true,","    stupid: true","*/","(function () {","    'use strict';","    var local;","","","","    // run shared js-env code - pre-init","    (function () {","        // init local","        local = {};","        // init modeJs","        local.modeJs = (function () {","            try {","                return typeof navigator.userAgent === 'string' &&","                    typeof document.querySelector('body') === 'object' &&","                    typeof XMLHttpRequest.prototype.open === 'function' &&","                    'browser';","            } catch (errorCaughtBrowser) {","                return module.exports &&","                    typeof process.versions.node === 'string' &&","                    typeof require('http').createServer === 'function' &&","                    'node';","            }","        }());","        // init global","        local.global = local.modeJs === 'browser'","            ? window","            : global;","        switch (local.modeJs) {","        // re-init local from window.local","        case 'browser':","            local = local.global.utility2.objectSetDefault(","                local.global.utility2_rollup || local.global.local,","                local.global.utility2","            );","            break;","        // re-init local from example.js","        case 'node':","            local = (local.global.utility2_rollup || require('utility2'))","                .requireReadme();","            break;","        }","        // export local","        local.global.local = local;","    }());","","","","    // run shared js-env code - function","    (function () {","        return;","    }());","    switch (local.modeJs) {","","","","    // run browser js-env code - function","    case 'browser':","        break;","","","","    // run node js-env code - function","    case 'node':","        break;","    }","","","","    // run shared js-env code - post-init","    (function () {","        return;","    }());","    switch (local.modeJs) {","","","","    // run browser js-env code - post-init","    case 'browser':","        local.testCase_browser_nullCase = local.testCase_browser_nullCase || function (","            options,","            onError","        ) {","        /*","         * this function will test browsers's null-case handling-behavior-behavior","         */","            onError(null, options);","        };","","        // run tests","        local.nop(local.modeTest &&","            document.querySelector('#testRunButton1') &&","            document.querySelector('#testRunButton1').click());","        break;","","","","    // run node js-env code - post-init","    /* istanbul ignore next */","    case 'node':","        local.testCase_buildApidoc_default = local.testCase_buildApidoc_default || function (","            options,","            onError","        ) {","        /*","         * this function will test buildApidoc's default handling-behavior-behavior","         */","            options = { modulePathList: module.paths };","            local.buildApidoc(options, onError);","        };","","        local.testCase_buildApp_default = local.testCase_buildApp_default || function (","            options,","            onError","        ) {","        /*","         * this function will test buildApp's default handling-behavior-behavior","         */","            local.testCase_buildReadme_default(options, local.onErrorThrow);","            local.testCase_buildLib_default(options, local.onErrorThrow);","            local.testCase_buildTest_default(options, local.onErrorThrow);","            local.testCase_buildCustomOrg_default(options, local.onErrorThrow);","            options = [];","            local.buildApp(options, onError);","        };","","        local.testCase_buildCustomOrg_default = local.testCase_buildCustomOrg_default ||","            function (options, onError) {","            /*","             * this function will test buildCustomOrg's default handling-behavior","             */","                options = {};","                local.buildCustomOrg(options, onError);","            };","","        local.testCase_buildLib_default = local.testCase_buildLib_default || function (","            options,","            onError","        ) {","        /*","         * this function will test buildLib's default handling-behavior","         */","            options = {};","            local.buildLib(options, onError);","        };","","        local.testCase_buildReadme_default = local.testCase_buildReadme_default || function (","            options,","            onError","        ) {","        /*","         * this function will test buildReadme's default handling-behavior-behavior","         */","            options = {};","            local.buildReadme(options, onError);","        };","","        local.testCase_buildTest_default = local.testCase_buildTest_default || function (","            options,","            onError","        ) {","        /*","         * this function will test buildTest's default handling-behavior","         */","            options = {};","            local.buildTest(options, onError);","        };","","        local.testCase_webpage_default = local.testCase_webpage_default || function (","            options,","            onError","        ) {","        /*","         * this function will test webpage's default handling-behavior","         */","            options = { modeCoverageMerge: true, url: local.serverLocalHost + '?modeTest=1' };","            local.browserTest(options, onError);","        };","","        // run test-server","        local.testRunServer(local);","        break;","    }","}());",""],"l":{"12":2,"14":2,"19":2,"21":2,"23":2,"24":2,"25":2,"30":1,"37":2,"40":2,"43":1,"47":1,"50":1,"52":1,"55":2,"61":2,"62":2,"64":2,"70":1,"76":1,"82":2,"83":2,"85":2,"91":1,"98":1,"102":1,"105":1,"112":1,"119":1,"120":1,"123":1,"130":1,"131":1,"132":1,"133":1,"134":1,"135":1,"138":1,"143":2,"144":2,"147":1,"154":2,"155":2,"158":1,"165":2,"166":2,"169":1,"176":2,"177":2,"180":1,"187":1,"188":1,"192":1,"193":1}},"/home/travis/build/npmtest/node-npmtest-grunt-grunticon/lib.npmtest_grunt_grunticon.js":{"path":"/home/travis/build/npmtest/node-npmtest-grunt-grunticon/lib.npmtest_grunt_grunticon.js","s":{"1":2,"2":2,"3":2,"4":2,"5":2,"6":2,"7":2,"8":1,"9":2,"10":2,"11":2,"12":2,"13":1,"14":1,"15":1,"16":1},"b":{"1":[2,1,1,1],"2":[1,1,1,1],"3":[1,1],"4":[2,2],"5":[1,1]},"f":{"1":2,"2":2,"3":2},"fnMap":{"1":{"name":"(anonymous_1)","line":12,"loc":{"start":{"line":12,"column":1},"end":{"line":12,"column":13}}},"2":{"name":"(anonymous_2)","line":19,"loc":{"start":{"line":19,"column":5},"end":{"line":19,"column":17}}},"3":{"name":"(anonymous_3)","line":23,"loc":{"start":{"line":23,"column":24},"end":{"line":23,"column":36}}}},"statementMap":{"1":{"start":{"line":12,"column":0},"end":{"line":53,"column":5}},"2":{"start":{"line":14,"column":4},"end":{"line":14,"column":14}},"3":{"start":{"line":19,"column":4},"end":{"line":52,"column":9}},"4":{"start":{"line":21,"column":8},"end":{"line":21,"column":19}},"5":{"start":{"line":23,"column":8},"end":{"line":35,"column":13}},"6":{"start":{"line":24,"column":12},"end":{"line":34,"column":13}},"7":{"start":{"line":25,"column":16},"end":{"line":28,"column":30}},"8":{"start":{"line":30,"column":16},"end":{"line":33,"column":27}},"9":{"start":{"line":37,"column":8},"end":{"line":39,"column":21}},"10":{"start":{"line":41,"column":8},"end":{"line":41,"column":54}},"11":{"start":{"line":43,"column":8},"end":{"line":43,"column":60}},"12":{"start":{"line":45,"column":8},"end":{"line":51,"column":9}},"13":{"start":{"line":46,"column":12},"end":{"line":46,"column":66}},"14":{"start":{"line":48,"column":12},"end":{"line":48,"column":35}},"15":{"start":{"line":49,"column":12},"end":{"line":49,"column":49}},"16":{"start":{"line":50,"column":12},"end":{"line":50,"column":43}}},"branchMap":{"1":{"line":25,"type":"binary-expr","locations":[{"start":{"line":25,"column":23},"end":{"line":25,"column":62}},{"start":{"line":26,"column":20},"end":{"line":26,"column":70}},{"start":{"line":27,"column":20},"end":{"line":27,"column":71}},{"start":{"line":28,"column":20},"end":{"line":28,"column":29}}]},"2":{"line":30,"type":"binary-expr","locations":[{"start":{"line":30,"column":23},"end":{"line":30,"column":37}},{"start":{"line":31,"column":20},"end":{"line":31,"column":61}},{"start":{"line":32,"column":20},"end":{"line":32,"column":70}},{"start":{"line":33,"column":20},"end":{"line":33,"column":26}}]},"3":{"line":37,"type":"cond-expr","locations":[{"start":{"line":38,"column":14},"end":{"line":38,"column":20}},{"start":{"line":39,"column":14},"end":{"line":39,"column":20}}]},"4":{"line":41,"type":"binary-expr","locations":[{"start":{"line":41,"column":16},"end":{"line":41,"column":44}},{"start":{"line":41,"column":48},"end":{"line":41,"column":53}}]},"5":{"line":45,"type":"if","locations":[{"start":{"line":45,"column":8},"end":{"line":45,"column":8}},{"start":{"line":45,"column":8},"end":{"line":45,"column":8}}]}},"code":["/* istanbul instrument in package npmtest_grunt_grunticon */","/*jslint","    bitwise: true,","    browser: true,","    maxerr: 8,","    maxlen: 96,","    node: true,","    nomen: true,","    regexp: true,","    stupid: true","*/","(function () {","    'use strict';","    var local;","","","","    // run shared js-env code - pre-init","    (function () {","        // init local","        local = {};","        // init modeJs","        local.modeJs = (function () {","            try {","                return typeof navigator.userAgent === 'string' &&","                    typeof document.querySelector('body') === 'object' &&","                    typeof XMLHttpRequest.prototype.open === 'function' &&","                    'browser';","            } catch (errorCaughtBrowser) {","                return module.exports &&","                    typeof process.versions.node === 'string' &&","                    typeof require('http').createServer === 'function' &&","                    'node';","            }","        }());","        // init global","        local.global = local.modeJs === 'browser'","            ? window","            : global;","        // init utility2_rollup","        local = local.global.utility2_rollup || local;","        // init lib","        local.local = local.npmtest_grunt_grunticon = local;","        // init exports","        if (local.modeJs === 'browser') {","            local.global.utility2_npmtest_grunt_grunticon = local;","        } else {","            module.exports = local;","            module.exports.__dirname = __dirname;","            module.exports.module = module;","        }","    }());","}());",""],"l":{"12":2,"14":2,"19":2,"21":2,"23":2,"24":2,"25":2,"30":1,"37":2,"41":2,"43":2,"45":2,"46":1,"48":1,"49":1,"50":1}},"/home/travis/build/npmtest/node-npmtest-grunt-grunticon/example.js":{"path":"/home/travis/build/npmtest/node-npmtest-grunt-grunticon/example.js","s":{"1":2,"2":2,"3":2,"4":2,"5":2,"6":2,"7":2,"8":1,"9":2,"10":2,"11":2,"12":2,"13":1,"14":2,"15":2,"16":2,"17":2,"18":2,"19":0,"20":2,"21":1,"22":1,"23":1,"24":1,"25":1,"26":0,"27":0,"28":1,"29":1,"30":2,"31":0,"32":0,"33":0,"34":1,"35":2,"36":2,"37":3,"38":3,"39":3,"40":3,"41":0,"42":3,"43":3,"44":3,"45":1,"46":3,"47":1,"48":1,"49":1,"50":1,"51":1,"52":1,"53":1,"54":1,"55":1,"56":1,"57":0,"58":1,"59":6,"60":6,"61":1,"62":2,"63":0,"64":2,"65":1,"66":1,"67":0,"68":0,"69":0,"70":0,"71":0,"72":0,"73":0,"74":0,"75":0,"76":0,"77":0,"78":0,"79":0,"80":0,"81":0,"82":0,"83":0},"b":{"1":[2,1,1,1],"2":[1,1,1,1],"3":[1,1],"4":[2,2],"5":[1,1],"6":[1,1],"7":[2,0],"8":[2,1,1,1,1,1],"9":[0,2,0],"10":[1,1],"11":[2,1,1],"12":[1,0],"13":[0,2],"14":[2,0,0,0,0,0,0],"15":[0,3],"16":[3,0],"17":[1,1],"18":[0,1],"19":[1,2,0,2],"20":[1,0],"21":[1,1],"22":[0,0],"23":[0,0],"24":[0,0],"25":[0,0],"26":[0,0],"27":[0,0],"28":[0,0]},"f":{"1":2,"2":2,"3":2,"4":2,"5":2,"6":2,"7":3,"8":3,"9":3,"10":1,"11":6,"12":0},"fnMap":{"1":{"name":"(anonymous_1)","line":26,"loc":{"start":{"line":26,"column":1},"end":{"line":26,"column":13}}},"2":{"name":"(anonymous_2)","line":33,"loc":{"start":{"line":33,"column":5},"end":{"line":33,"column":17}}},"3":{"name":"(anonymous_3)","line":37,"loc":{"start":{"line":37,"column":24},"end":{"line":37,"column":36}}},"4":{"name":"(anonymous_4)","line":69,"loc":{"start":{"line":69,"column":31},"end":{"line":69,"column":48}},"skip":true},"5":{"name":"(anonymous_5)","line":78,"loc":{"start":{"line":78,"column":26},"end":{"line":78,"column":45}},"skip":true},"6":{"name":"(anonymous_6)","line":123,"loc":{"start":{"line":123,"column":33},"end":{"line":123,"column":48}},"skip":true},"7":{"name":"(anonymous_7)","line":125,"loc":{"start":{"line":125,"column":27},"end":{"line":125,"column":39}},"skip":true},"8":{"name":"(anonymous_8)","line":133,"loc":{"start":{"line":133,"column":59},"end":{"line":133,"column":74}},"skip":true},"9":{"name":"(anonymous_9)","line":143,"loc":{"start":{"line":143,"column":45},"end":{"line":143,"column":62}},"skip":true},"10":{"name":"(anonymous_10)","line":144,"loc":{"start":{"line":144,"column":73},"end":{"line":144,"column":92}},"skip":true},"11":{"name":"(anonymous_11)","line":272,"loc":{"start":{"line":272,"column":51},"end":{"line":272,"column":77}},"skip":true},"12":{"name":"(anonymous_12)","line":315,"loc":{"start":{"line":315,"column":32},"end":{"line":315,"column":61}},"skip":true}},"statementMap":{"1":{"start":{"line":26,"column":0},"end":{"line":326,"column":5}},"2":{"start":{"line":28,"column":4},"end":{"line":28,"column":14}},"3":{"start":{"line":33,"column":4},"end":{"line":60,"column":9}},"4":{"start":{"line":35,"column":8},"end":{"line":35,"column":19}},"5":{"start":{"line":37,"column":8},"end":{"line":49,"column":13}},"6":{"start":{"line":38,"column":12},"end":{"line":48,"column":13}},"7":{"start":{"line":39,"column":16},"end":{"line":42,"column":30}},"8":{"start":{"line":44,"column":16},"end":{"line":47,"column":27}},"9":{"start":{"line":51,"column":8},"end":{"line":53,"column":21}},"10":{"start":{"line":55,"column":8},"end":{"line":57,"column":45}},"11":{"start":{"line":59,"column":8},"end":{"line":59,"column":35}},"12":{"start":{"line":61,"column":4},"end":{"line":325,"column":5}},"13":{"start":{"line":69,"column":8},"end":{"line":121,"column":10},"skip":true},"14":{"start":{"line":70,"column":12},"end":{"line":88,"column":13},"skip":true},"15":{"start":{"line":76,"column":16},"end":{"line":87,"column":19},"skip":true},"16":{"start":{"line":79,"column":20},"end":{"line":86,"column":21},"skip":true},"17":{"start":{"line":82,"column":24},"end":{"line":82,"column":43},"skip":true},"18":{"start":{"line":83,"column":24},"end":{"line":83,"column":30},"skip":true},"19":{"start":{"line":85,"column":24},"end":{"line":85,"column":49},"skip":true},"20":{"start":{"line":89,"column":12},"end":{"line":107,"column":13},"skip":true},"21":{"start":{"line":92,"column":16},"end":{"line":102,"column":17},"skip":true},"22":{"start":{"line":93,"column":20},"end":{"line":93,"column":86},"skip":true},"23":{"start":{"line":94,"column":20},"end":{"line":95,"column":45},"skip":true},"24":{"start":{"line":96,"column":20},"end":{"line":96,"column":42},"skip":true},"25":{"start":{"line":97,"column":20},"end":{"line":97,"column":48},"skip":true},"26":{"start":{"line":100,"column":20},"end":{"line":100,"column":85},"skip":true},"27":{"start":{"line":101,"column":20},"end":{"line":101,"column":96},"skip":true},"28":{"start":{"line":103,"column":16},"end":{"line":103,"column":22},"skip":true},"29":{"start":{"line":106,"column":16},"end":{"line":106,"column":22},"skip":true},"30":{"start":{"line":108,"column":12},"end":{"line":120,"column":13},"skip":true},"31":{"start":{"line":114,"column":16},"end":{"line":119,"column":17},"skip":true},"32":{"start":{"line":116,"column":20},"end":{"line":116,"column":78},"skip":true},"33":{"start":{"line":118,"column":20},"end":{"line":118,"column":47},"skip":true},"34":{"start":{"line":123,"column":8},"end":{"line":141,"column":11},"skip":true},"35":{"start":{"line":124,"column":12},"end":{"line":124,"column":54},"skip":true},"36":{"start":{"line":125,"column":12},"end":{"line":140,"column":14},"skip":true},"37":{"start":{"line":126,"column":16},"end":{"line":126,"column":28},"skip":true},"38":{"start":{"line":127,"column":16},"end":{"line":127,"column":69},"skip":true},"39":{"start":{"line":128,"column":16},"end":{"line":128,"column":75},"skip":true},"40":{"start":{"line":129,"column":16},"end":{"line":131,"column":17},"skip":true},"41":{"start":{"line":130,"column":20},"end":{"line":130,"column":27},"skip":true},"42":{"start":{"line":133,"column":16},"end":{"line":137,"column":36},"skip":true},"43":{"start":{"line":134,"column":20},"end":{"line":136,"column":55},"skip":true},"44":{"start":{"line":139,"column":16},"end":{"line":139,"column":57},"skip":true},"45":{"start":{"line":143,"column":8},"end":{"line":147,"column":11},"skip":true},"46":{"start":{"line":144,"column":12},"end":{"line":146,"column":15},"skip":true},"47":{"start":{"line":145,"column":16},"end":{"line":145,"column":70},"skip":true},"48":{"start":{"line":149,"column":8},"end":{"line":149,"column":31},"skip":true},"49":{"start":{"line":150,"column":8},"end":{"line":150,"column":14},"skip":true},"50":{"start":{"line":158,"column":8},"end":{"line":158,"column":31},"skip":true},"51":{"start":{"line":160,"column":8},"end":{"line":160,"column":33},"skip":true},"52":{"start":{"line":161,"column":8},"end":{"line":161,"column":37},"skip":true},"53":{"start":{"line":162,"column":8},"end":{"line":162,"column":35},"skip":true},"54":{"start":{"line":164,"column":8},"end":{"line":164,"column":50},"skip":true},"55":{"start":{"line":166,"column":8},"end":{"line":256,"column":2},"skip":true},"56":{"start":{"line":258,"column":8},"end":{"line":286,"column":9},"skip":true},"57":{"start":{"line":259,"column":12},"end":{"line":269,"column":14},"skip":true},"58":{"start":{"line":271,"column":12},"end":{"line":285,"column":19},"skip":true},"59":{"start":{"line":274,"column":20},"end":{"line":274,"column":35},"skip":true},"60":{"start":{"line":275,"column":20},"end":{"line":284,"column":21},"skip":true},"61":{"start":{"line":277,"column":24},"end":{"line":277,"column":64},"skip":true},"62":{"start":{"line":279,"column":24},"end":{"line":279,"column":40},"skip":true},"63":{"start":{"line":281,"column":24},"end":{"line":281,"column":40},"skip":true},"64":{"start":{"line":283,"column":24},"end":{"line":283,"column":39},"skip":true},"65":{"start":{"line":288,"column":8},"end":{"line":290,"column":9},"skip":true},"66":{"start":{"line":289,"column":12},"end":{"line":289,"column":18},"skip":true},"67":{"start":{"line":291,"column":8},"end":{"line":293,"column":54},"skip":true},"68":{"start":{"line":296,"column":8},"end":{"line":301,"column":37},"skip":true},"69":{"start":{"line":303,"column":8},"end":{"line":303,"column":82},"skip":true},"70":{"start":{"line":306,"column":8},"end":{"line":308,"column":9},"skip":true},"71":{"start":{"line":307,"column":12},"end":{"line":307,"column":82},"skip":true},"72":{"start":{"line":310,"column":8},"end":{"line":312,"column":9},"skip":true},"73":{"start":{"line":311,"column":12},"end":{"line":311,"column":18},"skip":true},"74":{"start":{"line":313,"column":8},"end":{"line":313,"column":54},"skip":true},"75":{"start":{"line":314,"column":8},"end":{"line":314,"column":69},"skip":true},"76":{"start":{"line":315,"column":8},"end":{"line":323,"column":36},"skip":true},"77":{"start":{"line":316,"column":12},"end":{"line":316,"column":61},"skip":true},"78":{"start":{"line":317,"column":12},"end":{"line":320,"column":13},"skip":true},"79":{"start":{"line":318,"column":16},"end":{"line":318,"column":75},"skip":true},"80":{"start":{"line":319,"column":16},"end":{"line":319,"column":23},"skip":true},"81":{"start":{"line":321,"column":12},"end":{"line":321,"column":38},"skip":true},"82":{"start":{"line":322,"column":12},"end":{"line":322,"column":27},"skip":true},"83":{"start":{"line":324,"column":8},"end":{"line":324,"column":14},"skip":true}},"branchMap":{"1":{"line":39,"type":"binary-expr","locations":[{"start":{"line":39,"column":23},"end":{"line":39,"column":62}},{"start":{"line":40,"column":20},"end":{"line":40,"column":70}},{"start":{"line":41,"column":20},"end":{"line":41,"column":71}},{"start":{"line":42,"column":20},"end":{"line":42,"column":29}}]},"2":{"line":44,"type":"binary-expr","locations":[{"start":{"line":44,"column":23},"end":{"line":44,"column":37}},{"start":{"line":45,"column":20},"end":{"line":45,"column":61}},{"start":{"line":46,"column":20},"end":{"line":46,"column":70}},{"start":{"line":47,"column":20},"end":{"line":47,"column":26}}]},"3":{"line":51,"type":"cond-expr","locations":[{"start":{"line":52,"column":14},"end":{"line":52,"column":20}},{"start":{"line":53,"column":14},"end":{"line":53,"column":20}}]},"4":{"line":55,"type":"binary-expr","locations":[{"start":{"line":55,"column":16},"end":{"line":55,"column":44}},{"start":{"line":55,"column":49},"end":{"line":57,"column":43}}]},"5":{"line":55,"type":"cond-expr","locations":[{"start":{"line":56,"column":14},"end":{"line":56,"column":59}},{"start":{"line":57,"column":14},"end":{"line":57,"column":43}}]},"6":{"line":61,"type":"switch","locations":[{"start":{"line":68,"column":4},"end":{"line":150,"column":14},"skip":true},{"start":{"line":156,"column":4},"end":{"line":324,"column":14},"skip":true}]},"7":{"line":70,"type":"if","locations":[{"start":{"line":70,"column":12},"end":{"line":70,"column":12},"skip":true},{"start":{"line":70,"column":12},"end":{"line":70,"column":12},"skip":true}]},"8":{"line":70,"type":"binary-expr","locations":[{"start":{"line":70,"column":16},"end":{"line":70,"column":22},"skip":true},{"start":{"line":70,"column":27},"end":{"line":70,"column":32},"skip":true},{"start":{"line":71,"column":20},"end":{"line":71,"column":39},"skip":true},{"start":{"line":72,"column":20},"end":{"line":72,"column":49},"skip":true},{"start":{"line":73,"column":20},"end":{"line":73,"column":58},"skip":true},{"start":{"line":74,"column":20},"end":{"line":74,"column":69},"skip":true}]},"9":{"line":79,"type":"switch","locations":[{"start":{"line":80,"column":20},"end":{"line":80,"column":33},"skip":true},{"start":{"line":81,"column":20},"end":{"line":83,"column":30},"skip":true},{"start":{"line":84,"column":20},"end":{"line":85,"column":49},"skip":true}]},"10":{"line":89,"type":"switch","locations":[{"start":{"line":90,"column":12},"end":{"line":103,"column":22},"skip":true},{"start":{"line":105,"column":12},"end":{"line":106,"column":22},"skip":true}]},"11":{"line":89,"type":"binary-expr","locations":[{"start":{"line":89,"column":20},"end":{"line":89,"column":25},"skip":true},{"start":{"line":89,"column":29},"end":{"line":89,"column":48},"skip":true},{"start":{"line":89,"column":52},"end":{"line":89,"column":74},"skip":true}]},"12":{"line":92,"type":"if","locations":[{"start":{"line":92,"column":16},"end":{"line":92,"column":16},"skip":true},{"start":{"line":92,"column":16},"end":{"line":92,"column":16},"skip":true}]},"13":{"line":108,"type":"if","locations":[{"start":{"line":108,"column":12},"end":{"line":108,"column":12},"skip":true},{"start":{"line":108,"column":12},"end":{"line":108,"column":12},"skip":true}]},"14":{"line":108,"type":"binary-expr","locations":[{"start":{"line":108,"column":16},"end":{"line":108,"column":61},"skip":true},{"start":{"line":108,"column":66},"end":{"line":108,"column":72},"skip":true},{"start":{"line":108,"column":77},"end":{"line":108,"column":82},"skip":true},{"start":{"line":109,"column":20},"end":{"line":109,"column":39},"skip":true},{"start":{"line":110,"column":20},"end":{"line":110,"column":49},"skip":true},{"start":{"line":111,"column":20},"end":{"line":111,"column":58},"skip":true},{"start":{"line":112,"column":20},"end":{"line":112,"column":68},"skip":true}]},"15":{"line":129,"type":"if","locations":[{"start":{"line":129,"column":16},"end":{"line":129,"column":16},"skip":true},{"start":{"line":129,"column":16},"end":{"line":129,"column":16},"skip":true}]},"16":{"line":134,"type":"cond-expr","locations":[{"start":{"line":135,"column":26},"end":{"line":135,"column":29},"skip":true},{"start":{"line":136,"column":26},"end":{"line":136,"column":54},"skip":true}]},"17":{"line":164,"type":"binary-expr","locations":[{"start":{"line":164,"column":27},"end":{"line":164,"column":43},"skip":true},{"start":{"line":164,"column":47},"end":{"line":164,"column":49},"skip":true}]},"18":{"line":258,"type":"if","locations":[{"start":{"line":258,"column":8},"end":{"line":258,"column":8},"skip":true},{"start":{"line":258,"column":8},"end":{"line":258,"column":8},"skip":true}]},"19":{"line":275,"type":"switch","locations":[{"start":{"line":276,"column":20},"end":{"line":277,"column":64},"skip":true},{"start":{"line":278,"column":20},"end":{"line":279,"column":40},"skip":true},{"start":{"line":280,"column":20},"end":{"line":281,"column":40},"skip":true},{"start":{"line":282,"column":20},"end":{"line":283,"column":39},"skip":true}]},"20":{"line":288,"type":"if","locations":[{"start":{"line":288,"column":8},"end":{"line":288,"column":8},"skip":true},{"start":{"line":288,"column":8},"end":{"line":288,"column":8},"skip":true}]},"21":{"line":288,"type":"binary-expr","locations":[{"start":{"line":288,"column":12},"end":{"line":288,"column":40},"skip":true},{"start":{"line":288,"column":44},"end":{"line":288,"column":67},"skip":true}]},"22":{"line":292,"type":"binary-expr","locations":[{"start":{"line":292,"column":12},"end":{"line":292,"column":50},"skip":true},{"start":{"line":293,"column":12},"end":{"line":293,"column":53},"skip":true}]},"23":{"line":297,"type":"binary-expr","locations":[{"start":{"line":297,"column":12},"end":{"line":297,"column":73},"skip":true},{"start":{"line":298,"column":12},"end":{"line":301,"column":36},"skip":true}]},"24":{"line":303,"type":"binary-expr","locations":[{"start":{"line":303,"column":43},"end":{"line":303,"column":75},"skip":true},{"start":{"line":303,"column":79},"end":{"line":303,"column":81},"skip":true}]},"25":{"line":306,"type":"if","locations":[{"start":{"line":306,"column":8},"end":{"line":306,"column":8},"skip":true},{"start":{"line":306,"column":8},"end":{"line":306,"column":8},"skip":true}]},"26":{"line":310,"type":"if","locations":[{"start":{"line":310,"column":8},"end":{"line":310,"column":8},"skip":true},{"start":{"line":310,"column":8},"end":{"line":310,"column":8},"skip":true}]},"27":{"line":313,"type":"binary-expr","locations":[{"start":{"line":313,"column":27},"end":{"line":313,"column":43},"skip":true},{"start":{"line":313,"column":47},"end":{"line":313,"column":53},"skip":true}]},"28":{"line":317,"type":"if","locations":[{"start":{"line":317,"column":12},"end":{"line":317,"column":12},"skip":true},{"start":{"line":317,"column":12},"end":{"line":317,"column":12},"skip":true}]}},"code":["/*","example.js","","quickstart example","","instruction","    1. save this script as example.js","    2. run the shell command:","        $ npm install npmtest-grunt-grunticon && PORT=8081 node example.js","    3. play with the browser-demo on http://127.0.0.1:8081","*/","","","","/* istanbul instrument in package npmtest_grunt_grunticon */","/*jslint","    bitwise: true,","    browser: true,","    maxerr: 8,","    maxlen: 96,","    node: true,","    nomen: true,","    regexp: true,","    stupid: true","*/","(function () {","    'use strict';","    var local;","","","","    // run shared js-env code - pre-init","    (function () {","        // init local","        local = {};","        // init modeJs","        local.modeJs = (function () {","            try {","                return typeof navigator.userAgent === 'string' &&","                    typeof document.querySelector('body') === 'object' &&","                    typeof XMLHttpRequest.prototype.open === 'function' &&","                    'browser';","            } catch (errorCaughtBrowser) {","                return module.exports &&","                    typeof process.versions.node === 'string' &&","                    typeof require('http').createServer === 'function' &&","                    'node';","            }","        }());","        // init global","        local.global = local.modeJs === 'browser'","            ? window","            : global;","        // init utility2_rollup","        local = local.global.utility2_rollup || (local.modeJs === 'browser'","            ? local.global.utility2_npmtest_grunt_grunticon","            : global.utility2_moduleExports);","        // export local","        local.global.local = local;","    }());","    switch (local.modeJs) {","","","","    // post-init","    // run browser js-env code - post-init","    /* istanbul ignore next */","    case 'browser':","        local.testRunBrowser = function (event) {","            if (!event || (event &&","                    event.currentTarget &&","                    event.currentTarget.className &&","                    event.currentTarget.className.includes &&","                    event.currentTarget.className.includes('onreset'))) {","                // reset output","                Array.from(","                    document.querySelectorAll('body > .resettable')","                ).forEach(function (element) {","                    switch (element.tagName) {","                    case 'INPUT':","                    case 'TEXTAREA':","                        element.value = '';","                        break;","                    default:","                        element.textContent = '';","                    }","                });","            }","            switch (event && event.currentTarget && event.currentTarget.id) {","            case 'testRunButton1':","                // show tests","                if (document.querySelector('#testReportDiv1').style.display === 'none') {","                    document.querySelector('#testReportDiv1').style.display = 'block';","                    document.querySelector('#testRunButton1').textContent =","                        'hide internal test';","                    local.modeTest = true;","                    local.testRunDefault(local);","                // hide tests","                } else {","                    document.querySelector('#testReportDiv1').style.display = 'none';","                    document.querySelector('#testRunButton1').textContent = 'run internal test';","                }","                break;","            // custom-case","            default:","                break;","            }","            if (document.querySelector('#inputTextareaEval1') && (!event || (event &&","                    event.currentTarget &&","                    event.currentTarget.className &&","                    event.currentTarget.className.includes &&","                    event.currentTarget.className.includes('oneval')))) {","                // try to eval input-code","                try {","                    /*jslint evil: true*/","                    eval(document.querySelector('#inputTextareaEval1').value);","                } catch (errorCaught) {","                    console.error(errorCaught);","                }","            }","        };","        // log stderr and stdout to #outputTextareaStdout1","        ['error', 'log'].forEach(function (key) {","            console[key + '_original'] = console[key];","            console[key] = function () {","                var element;","                console[key + '_original'].apply(console, arguments);","                element = document.querySelector('#outputTextareaStdout1');","                if (!element) {","                    return;","                }","                // append text to #outputTextareaStdout1","                element.value += Array.from(arguments).map(function (arg) {","                    return typeof arg === 'string'","                        ? arg","                        : JSON.stringify(arg, null, 4);","                }).join(' ') + '\\n';","                // scroll textarea to bottom","                element.scrollTop = element.scrollHeight;","            };","        });","        // init event-handling","        ['change', 'click', 'keyup'].forEach(function (event) {","            Array.from(document.querySelectorAll('.on' + event)).forEach(function (element) {","                element.addEventListener(event, local.testRunBrowser);","            });","        });","        // run tests","        local.testRunBrowser();","        break;","","","","    // run node js-env code - post-init","    /* istanbul ignore next */","    case 'node':","        // export local","        module.exports = local;","        // require modules","        local.fs = require('fs');","        local.http = require('http');","        local.url = require('url');","        // init assets","        local.assetsDict = local.assetsDict || {};","        /* jslint-ignore-begin */","        local.assetsDict['/assets.index.template.html'] = '\\","<!doctype html>\\n\\","<html lang=\"en\">\\n\\","<head>\\n\\","<meta charset=\"UTF-8\">\\n\\","<meta name=\"viewport\" content=\"width=device-width, initial-scale=1\">\\n\\","<title>{{env.npm_package_name}} (v{{env.npm_package_version}})</title>\\n\\","<style>\\n\\","/*csslint\\n\\","    box-sizing: false,\\n\\","    universal-selector: false\\n\\","*/\\n\\","* {\\n\\","    box-sizing: border-box;\\n\\","}\\n\\","body {\\n\\","    background: #dde;\\n\\","    font-family: Arial, Helvetica, sans-serif;\\n\\","    margin: 2rem;\\n\\","}\\n\\","body > * {\\n\\","    margin-bottom: 1rem;\\n\\","}\\n\\",".utility2FooterDiv {\\n\\","    margin-top: 20px;\\n\\","    text-align: center;\\n\\","}\\n\\","</style>\\n\\","<style>\\n\\","/*csslint\\n\\","*/\\n\\","textarea {\\n\\","    font-family: monospace;\\n\\","    height: 10rem;\\n\\","    width: 100%;\\n\\","}\\n\\","textarea[readonly] {\\n\\","    background: #ddd;\\n\\","}\\n\\","</style>\\n\\","</head>\\n\\","<body>\\n\\","<!-- utility2-comment\\n\\","<div id=\"ajaxProgressDiv1\" style=\"background: #d00; height: 2px; left: 0; margin: 0; padding: 0; position: fixed; top: 0; transition: background 0.5s, width 1.5s; width: 25%;\"></div>\\n\\","utility2-comment -->\\n\\","<h1>\\n\\","<!-- utility2-comment\\n\\","    <a\\n\\","        {{#if env.npm_package_homepage}}\\n\\","        href=\"{{env.npm_package_homepage}}\"\\n\\","        {{/if env.npm_package_homepage}}\\n\\","        target=\"_blank\"\\n\\","    >\\n\\","utility2-comment -->\\n\\","        {{env.npm_package_name}} (v{{env.npm_package_version}})\\n\\","<!-- utility2-comment\\n\\","    </a>\\n\\","utility2-comment -->\\n\\","</h1>\\n\\","<h3>{{env.npm_package_description}}</h3>\\n\\","<!-- utility2-comment\\n\\","<h4><a download href=\"assets.app.js\">download standalone app</a></h4>\\n\\","<button class=\"onclick onreset\" id=\"testRunButton1\">run internal test</button><br>\\n\\","<div id=\"testReportDiv1\" style=\"display: none;\"></div>\\n\\","utility2-comment -->\\n\\","\\n\\","\\n\\","\\n\\","<label>stderr and stdout</label>\\n\\","<textarea class=\"resettable\" id=\"outputTextareaStdout1\" readonly></textarea>\\n\\","<!-- utility2-comment\\n\\","{{#if isRollup}}\\n\\","<script src=\"assets.app.js\"></script>\\n\\","{{#unless isRollup}}\\n\\","utility2-comment -->\\n\\","<script src=\"assets.utility2.rollup.js\"></script>\\n\\","<script src=\"jsonp.utility2._stateInit?callback=window.utility2._stateInit\"></script>\\n\\","<script src=\"assets.npmtest_grunt_grunticon.rollup.js\"></script>\\n\\","<script src=\"assets.example.js\"></script>\\n\\","<script src=\"assets.test.js\"></script>\\n\\","<!-- utility2-comment\\n\\","{{/if isRollup}}\\n\\","utility2-comment -->\\n\\","<div class=\"utility2FooterDiv\">\\n\\","    [ this app was created with\\n\\","    <a href=\"https://github.com/kaizhu256/node-utility2\" target=\"_blank\">utility2</a>\\n\\","    ]\\n\\","</div>\\n\\","</body>\\n\\","</html>\\n\\","';","        /* jslint-ignore-end */","        if (local.templateRender) {","            local.assetsDict['/'] = local.templateRender(","                local.assetsDict['/assets.index.template.html'],","                {","                    env: local.objectSetDefault(local.env, {","                        npm_package_description: 'the greatest app in the world!',","                        npm_package_name: 'my-app',","                        npm_package_nameAlias: 'my_app',","                        npm_package_version: '0.0.1'","                    })","                }","            );","        } else {","            local.assetsDict['/'] = local.assetsDict['/assets.index.template.html']","                .replace((/\\{\\{env\\.(\\w+?)\\}\\}/g), function (match0, match1) {","                    // jslint-hack","                    String(match0);","                    switch (match1) {","                    case 'npm_package_description':","                        return 'the greatest app in the world!';","                    case 'npm_package_name':","                        return 'my-app';","                    case 'npm_package_nameAlias':","                        return 'my_app';","                    case 'npm_package_version':","                        return '0.0.1';","                    }","                });","        }","        // run the cli","        if (local.global.utility2_rollup || module !== require.main) {","            break;","        }","        local.assetsDict['/assets.example.js'] =","            local.assetsDict['/assets.example.js'] ||","            local.fs.readFileSync(__filename, 'utf8');","        // bug-workaround - long $npm_package_buildCustomOrg","        /* jslint-ignore-begin */","        local.assetsDict['/assets.npmtest_grunt_grunticon.rollup.js'] =","            local.assetsDict['/assets.npmtest_grunt_grunticon.rollup.js'] ||","            local.fs.readFileSync(","                local.npmtest_grunt_grunticon.__dirname + '/lib.npmtest_grunt_grunticon.js',","                'utf8'","            ).replace((/^#!/), '//');","        /* jslint-ignore-end */","        local.assetsDict['/favicon.ico'] = local.assetsDict['/favicon.ico'] || '';","        // if $npm_config_timeout_exit exists,","        // then exit this process after $npm_config_timeout_exit ms","        if (Number(process.env.npm_config_timeout_exit)) {","            setTimeout(process.exit, Number(process.env.npm_config_timeout_exit));","        }","        // start server","        if (local.global.utility2_serverHttp1) {","            break;","        }","        process.env.PORT = process.env.PORT || '8081';","        console.error('server starting on port ' + process.env.PORT);","        local.http.createServer(function (request, response) {","            request.urlParsed = local.url.parse(request.url);","            if (local.assetsDict[request.urlParsed.pathname] !== undefined) {","                response.end(local.assetsDict[request.urlParsed.pathname]);","                return;","            }","            response.statusCode = 404;","            response.end();","        }).listen(process.env.PORT);","        break;","    }","}());",""],"l":{"26":2,"28":2,"33":2,"35":2,"37":2,"38":2,"39":2,"44":1,"51":2,"55":2,"59":2,"61":2,"69":1,"70":2,"76":2,"79":2,"82":2,"83":2,"85":1,"89":2,"92":1,"93":1,"94":1,"96":1,"97":1,"100":1,"101":1,"103":1,"106":1,"108":2,"114":1,"116":1,"118":1,"123":1,"124":2,"125":2,"126":3,"127":3,"128":3,"129":3,"130":1,"133":3,"134":3,"139":3,"143":1,"144":3,"145":1,"149":1,"150":1,"158":1,"160":1,"161":1,"162":1,"164":1,"166":1,"258":1,"259":1,"271":1,"274":6,"275":6,"277":1,"279":2,"281":1,"283":2,"288":1,"289":1,"291":1,"296":1,"303":1,"306":1,"307":1,"310":1,"311":1,"313":1,"314":1,"315":1,"316":1,"317":1,"318":1,"319":1,"321":1,"322":1,"324":1}},"/home/travis/build/npmtest/node-npmtest-grunt-grunticon/node_modules/grunt-grunticon/Gruntfile.js":{"path":"/home/travis/build/npmtest/node-npmtest-grunt-grunticon/node_modules/grunt-grunticon/Gruntfile.js","s":{"1":1,"2":0,"3":0,"4":0,"5":0,"6":0,"7":0,"8":0,"9":0,"10":0},"b":{},"f":{"1":0},"fnMap":{"1":{"name":"(anonymous_1)","line":11,"loc":{"start":{"line":11,"column":17},"end":{"line":11,"column":33}}}},"statementMap":{"1":{"start":{"line":11,"column":0},"end":{"line":121,"column":2}},"2":{"start":{"line":14,"column":1},"end":{"line":14,"column":30}},"3":{"start":{"line":17,"column":1},"end":{"line":107,"column":4}},"4":{"start":{"line":110,"column":1},"end":{"line":110,"column":26}},"5":{"start":{"line":112,"column":1},"end":{"line":112,"column":46}},"6":{"start":{"line":113,"column":1},"end":{"line":113,"column":38}},"7":{"start":{"line":116,"column":1},"end":{"line":116,"column":63}},"8":{"start":{"line":117,"column":1},"end":{"line":117,"column":69}},"9":{"start":{"line":118,"column":1},"end":{"line":118,"column":43}},"10":{"start":{"line":119,"column":1},"end":{"line":119,"column":42}}},"branchMap":{},"code":["/*"," * grunticon"," * https://github.com/filamentgroup/grunticon"," *"," * Copyright (c) 2012 Scott Jehl"," * Licensed under the MIT license."," */","","/*global __dirname:true*/","/*global require:true*/","module.exports = function(grunt) {","\t\"use strict\";","","\tvar path = require( \"path\" );","","\t// Project configuration.","\tgrunt.initConfig({","\t\tpkg: grunt.file.readJSON('package.json'),","\t\twatch: {","\t\t\tfiles: '<config:lint.files>',","\t\t\ttasks: 'default'","\t\t},","\t\tsvgmin: {","\t\t\tdist: {","\t\t\t\tfiles: [{","\t\t\t\t\texpand: true,","\t\t\t\t\tcwd: 'example/svgs',","\t\t\t\t\tsrc: ['*.svg'],","\t\t\t\t\tdest: 'example/source'","\t\t\t\t}]","\t\t\t}","\t\t},","\t\tgrunticon: {","\t\t\tfoo: {","\t\t\t\tfiles: [{","\t\t\t\t\texpand: true,","\t\t\t\t\tcwd: 'example/source',","\t\t\t\t\tsrc: ['**/*.svg', '**/*.png'],","\t\t\t\t\tdest: \"example/output\"","\t\t\t\t}],","\t\t\t\toptions: {","","\t\t\t\t\t// CSS filenames","\t\t\t\t\tdatasvgcss: \"icons.data.svg.css\",","\t\t\t\t\tdatapngcss: \"icons.data.png.css\",","\t\t\t\t\turlpngcss: \"icons.fallback.css\",","","\t\t\t\t\t// preview HTML filename","\t\t\t\t\tpreviewhtml: \"preview.html\",","","\t\t\t\t\t// grunticon loader code snippet filename","\t\t\t\t\tloadersnippet: \"grunticon.loader.js\",","","\t\t\t\t\t// Include loader code for SVG markup embedding","\t\t\t\t\tenhanceSVG: true,","","\t\t\t\t\t// Make markup embedding work across domains (if CSS hosted externally)","\t\t\t\t\tcorsEmbed: false,","","\t\t\t\t\t// folder name (within dest) for png output","\t\t\t\t\tpngfolder: \"png\",","","\t\t\t\t\t// prefix for CSS classnames","\t\t\t\t\tcssprefix: \".icon-\",","","\t\t\t\t\tdefaultWidth: \"300px\",","\t\t\t\t\tdefaultHeight: \"200px\",","","\t\t\t\t\t// define vars that can be used in filenames if desirable, like foo.colors-primary-secondary.svg","\t\t\t\t\tcolors: {","\t\t\t\t\t\tprimary: \"red\",","\t\t\t\t\t\tsecondary: \"#666\"","\t\t\t\t\t},","","\t\t\t\t\tdynamicColorOnly: true,","","\t\t\t\t\t// css file path prefix - this defaults to \"/\" and will be placed before the \"dest\" path when stylesheets are loaded.","\t\t\t\t\t// This allows root-relative referencing of the CSS. If you don't want a prefix path, set to to \"\"","\t\t\t\t\tcssbasepath: \"/\",","\t\t\t\t\tcustomselectors: {","\t\t\t\t\t\t\"cat\" : [\"#el-gato\"],","\t\t\t\t\t\t\"gummy-bears-2\" : [\"nav li a.deadly-bears:before\"]","\t\t\t\t\t},","","\t\t\t\t\ttemplate: path.join( __dirname, \"example\", \"default-css.hbs\" ),","\t\t\t\t\tpreviewTemplate: path.join( __dirname, \"example\", \"preview-custom.hbs\" ),","","\t\t\t\t\tcompressPNG: true","","\t\t\t\t}","\t\t\t}","\t\t},","\t\tjshint: {","\t\t\tall: [","\t\t\t\t'Gruntfile.js',","\t\t\t\t'tasks/**/*.js'","\t\t\t],","\t\t\toptions: {","\t\t\t\tjshintrc: '.jshintrc'","\t\t\t}","\t\t},","","    // Before generating any new files, remove any previously-created files.","\t\tclean: {","\t\t\ttests: ['tmp']","\t\t}","\t});","","\t// Load local tasks.","\tgrunt.loadTasks('tasks');","","\tgrunt.loadNpmTasks( 'grunt-contrib-jshint' );","\tgrunt.loadNpmTasks( 'grunt-svgmin' );","","\t// Default task.","\tgrunt.registerTask('skip-tests', ['jshint', 'grunticon:foo']);","\tgrunt.registerTask('travis', ['jshint', 'svgmin', 'grunticon:foo']);","\tgrunt.registerTask('default', ['travis']);","\tgrunt.registerTask('stage', ['default']);","","};",""],"l":{"11":1,"14":0,"17":0,"110":0,"112":0,"113":0,"116":0,"117":0,"118":0,"119":0}},"/home/travis/build/npmtest/node-npmtest-grunt-grunticon/node_modules/grunt-grunticon/site/gruntfile.js":{"path":"/home/travis/build/npmtest/node-npmtest-grunt-grunticon/node_modules/grunt-grunticon/site/gruntfile.js","s":{"1":1,"2":0,"3":0,"4":0,"5":0,"6":0},"b":{},"f":{"1":0},"fnMap":{"1":{"name":"(anonymous_1)","line":9,"loc":{"start":{"line":9,"column":17},"end":{"line":9,"column":33}}}},"statementMap":{"1":{"start":{"line":9,"column":0},"end":{"line":74,"column":2}},"2":{"start":{"line":13,"column":1},"end":{"line":61,"column":4}},"3":{"start":{"line":64,"column":1},"end":{"line":64,"column":45}},"4":{"start":{"line":65,"column":1},"end":{"line":65,"column":38}},"5":{"start":{"line":68,"column":1},"end":{"line":68,"column":29}},"6":{"start":{"line":71,"column":1},"end":{"line":71,"column":57}}},"branchMap":{},"code":["/*"," * grunticon"," * https://github.com/filamentgroup/grunticon"," *"," * Copyright (c) 2012 Scott Jehl"," * Licensed under the MIT license."," */","","module.exports = function(grunt) {","\t\"use strict\";","","\t// Project configuration.","\tgrunt.initConfig({","\t\twatch: {","\t\t\tfiles: 'src/svg/*',","\t\t\ttasks: 'default'","\t\t},","\t\tsvgmin: {","\t\t\tdist: {","\t\t\t\tfiles: [{","\t\t\t\t\texpand: true,","\t\t\t\t\tcwd: 'src/svg',","\t\t\t\t\tsrc: ['*.svg'],","\t\t\t\t\tdest: 'src/svg'","\t\t\t\t}]","\t\t\t}","\t\t},","\t\tgrunticon: {","\t\t\tfoo: {","\t\t\t\tfiles: [{","\t\t\t\t\texpand: true,","\t\t\t\t\tcwd: 'src/svg',","\t\t\t\t\tsrc: ['*.svg', '*.png'],","\t\t\t\t\tdest: \"grunticon/\"","\t\t\t\t}],","\t\t\t\toptions: {","","\t\t\t\t\t// CSS filenames","\t\t\t\t\tdatasvgcss: \"icons.data.svg.css\",","\t\t\t\t\tdatapngcss: \"icons.data.png.css\",","\t\t\t\t\turlpngcss: \"icons.fallback.css\",","","\t\t\t\t\t// grunticon loader code snippet filename","\t\t\t\t\tloadersnippet: \"grunticon.loader.js\",","","\t\t\t\t\t// folder name (within dest) for png output","\t\t\t\t\tpngfolder: \"png\",","","\t\t\t\t\t// prefix for CSS classnames","\t\t\t\t\tcssprefix: \".icon-\",","","","\t\t\t\t\t// css file path prefix - this defaults to \"/\" and will be placed before the \"dest\" path when stylesheets are loaded.","\t\t\t\t\t// This allows root-relative referencing of the CSS. If you don't want a prefix path, set to to \"\"","\t\t\t\t\tcssbasepath: \"/\",","\t\t\t\t\tenhanceSVG: true","","\t\t\t\t}","\t\t\t}","\t\t}","\t});","","\t// Load local tasks.","\tgrunt.loadNpmTasks( 'grunt-contrib-watch' );","\tgrunt.loadNpmTasks( 'grunt-svgmin' );","","\t//load parent grunti","\tgrunt.loadTasks('../tasks');","","\t// Default task.","\tgrunt.registerTask('default', [ 'svgmin', 'grunticon']);","","","};","",""],"l":{"9":1,"13":0,"64":0,"65":0,"68":0,"71":0}},"/home/travis/build/npmtest/node-npmtest-grunt-grunticon/node_modules/grunt-grunticon/tasks/grunticon.js":{"path":"/home/travis/build/npmtest/node-npmtest-grunt-grunticon/node_modules/grunt-grunticon/tasks/grunticon.js","s":{"1":1,"2":1,"3":0,"4":0,"5":0,"6":0,"7":0,"8":0,"9":0,"10":0,"11":0,"12":0,"13":0,"14":0,"15":0,"16":0,"17":0,"18":0,"19":0,"20":0},"b":{"1":[0,0],"2":[0,0],"3":[0,0,0]},"f":{"1":0,"2":0,"3":0,"4":0},"fnMap":{"1":{"name":"(anonymous_1)","line":12,"loc":{"start":{"line":12,"column":17},"end":{"line":12,"column":47}}},"2":{"name":"(anonymous_2)","line":15,"loc":{"start":{"line":15,"column":72},"end":{"line":15,"column":83}}},"3":{"name":"(anonymous_3)","line":30,"loc":{"start":{"line":30,"column":33},"end":{"line":30,"column":49}}},"4":{"name":"(anonymous_4)","line":40,"loc":{"start":{"line":40,"column":21},"end":{"line":40,"column":37}}}},"statementMap":{"1":{"start":{"line":10,"column":0},"end":{"line":10,"column":43}},"2":{"start":{"line":12,"column":0},"end":{"line":55,"column":2}},"3":{"start":{"line":15,"column":1},"end":{"line":54,"column":4}},"4":{"start":{"line":16,"column":2},"end":{"line":16,"column":26}},"5":{"start":{"line":19,"column":2},"end":{"line":25,"column":5}},"6":{"start":{"line":28,"column":2},"end":{"line":28,"column":53}},"7":{"start":{"line":30,"column":2},"end":{"line":32,"column":5}},"8":{"start":{"line":31,"column":3},"end":{"line":31,"column":41}},"9":{"start":{"line":34,"column":2},"end":{"line":38,"column":3}},"10":{"start":{"line":35,"column":3},"end":{"line":35,"column":58}},"11":{"start":{"line":36,"column":3},"end":{"line":36,"column":10}},"12":{"start":{"line":37,"column":3},"end":{"line":37,"column":10}},"13":{"start":{"line":40,"column":2},"end":{"line":42,"column":5}},"14":{"start":{"line":41,"column":3},"end":{"line":41,"column":22}},"15":{"start":{"line":44,"column":2},"end":{"line":44,"column":39}},"16":{"start":{"line":46,"column":2},"end":{"line":49,"column":3}},"17":{"start":{"line":47,"column":3},"end":{"line":47,"column":54}},"18":{"start":{"line":48,"column":3},"end":{"line":48,"column":17}},"19":{"start":{"line":51,"column":2},"end":{"line":51,"column":51}},"20":{"start":{"line":53,"column":2},"end":{"line":53,"column":24}}},"branchMap":{"1":{"line":34,"type":"if","locations":[{"start":{"line":34,"column":2},"end":{"line":34,"column":2}},{"start":{"line":34,"column":2},"end":{"line":34,"column":2}}]},"2":{"line":46,"type":"if","locations":[{"start":{"line":46,"column":2},"end":{"line":46,"column":2}},{"start":{"line":46,"column":2},"end":{"line":46,"column":2}}]},"3":{"line":46,"type":"binary-expr","locations":[{"start":{"line":46,"column":6},"end":{"line":46,"column":13}},{"start":{"line":46,"column":17},"end":{"line":46,"column":23}},{"start":{"line":46,"column":27},"end":{"line":46,"column":40}}]}},"code":["/*"," * grunticon"," * https://github.com/filamentgroup/grunticon"," *"," * Copyright (c) 2012 Scott Jehl, Filament Group, Inc"," * Licensed under the MIT license."," */","","/*global require:true*/","var Grunticon = require( 'grunticon-lib' );","","module.exports = function( grunt , undefined ) {","\t\"use strict\";","","\tgrunt.registerMultiTask( 'grunticon', 'A mystical CSS icon solution.', function() {","\t\tvar done = this.async();","","\t\t// get the config","\t\tvar config = this.options({","\t\t\tlogger: {","\t\t\t\tverbose: grunt.verbose.writeln,","\t\t\t\tfatal: grunt.fatal,","\t\t\t\tok: grunt.log.ok","\t\t\t}","\t\t});","","\t\t// just a quick starting message","\t\tgrunt.verbose.writeln( \"Look, it's a grunticon!\" );","","\t\tvar files = this.files.filter( function( file ){","\t\t\treturn file.src[0].match( /png|svg/ );","\t\t});","","\t\tif( files.length === 0 ){","\t\t\tgrunt.log.writeln( \"Grunticon has no files to read!\" );","\t\t\tdone();","\t\t\treturn;","\t\t}","","\t\tfiles = files.map( function( file ){","\t\t\treturn file.src[0];","\t\t});","","\t\tvar output = this.files[0].orig.dest;","","\t\tif( !output || output && output === \"\" ){","\t\t\tgrunt.fatal(\"The destination must be a directory\");","\t\t\tdone( false );","\t\t}","","\t\tvar gicon = new Grunticon(files, output, config);","","\t\tgicon.process( done );","\t});","};",""],"l":{"10":1,"12":1,"15":0,"16":0,"19":0,"28":0,"30":0,"31":0,"34":0,"35":0,"36":0,"37":0,"40":0,"41":0,"44":0,"46":0,"47":0,"48":0,"51":0,"53":0}},"/home/travis/build/npmtest/node-npmtest-grunt-grunticon/node_modules/grunt-grunticon/site/grunticon/grunticon.loader.js":{"path":"/home/travis/build/npmtest/node-npmtest-grunt-grunticon/node_modules/grunt-grunticon/site/grunticon/grunticon.loader.js","s":{"1":2,"2":1,"3":1,"4":0,"5":0,"6":0,"7":0,"8":0,"9":2,"10":0,"11":0,"12":0,"13":0,"14":0,"15":0,"16":2,"17":2,"18":0,"19":0,"20":0,"21":0,"22":0,"23":0,"24":0,"25":0,"26":0,"27":0,"28":0,"29":0,"30":0,"31":0,"32":0,"33":0,"34":0,"35":0,"36":0,"37":0,"38":0,"39":0,"40":0,"41":0},"b":{"1":[0,0,0],"2":[0,0],"3":[0,0],"4":[0,0],"5":[0,0],"6":[0,0],"7":[0,0],"8":[0,0,0,0,0,0],"9":[0,0],"10":[0,0],"11":[0,0],"12":[0,0],"13":[0,0],"14":[0,0],"15":[0,0],"16":[0,0],"17":[0,0],"18":[0,0],"19":[0,0],"20":[0,0],"21":[0,0,0],"22":[0,0],"23":[0,0],"24":[0,0]},"f":{"1":2,"2":0,"3":0,"4":0,"5":0,"6":0,"7":0,"8":0,"9":0,"10":0,"11":0,"12":0,"13":0,"14":0,"15":0},"fnMap":{"1":{"name":"(anonymous_1)","line":3,"loc":{"start":{"line":3,"column":1},"end":{"line":3,"column":12}}},"2":{"name":"t","line":3,"loc":{"start":{"line":3,"column":13},"end":{"line":3,"column":32}}},"3":{"name":"a","line":3,"loc":{"start":{"line":3,"column":46},"end":{"line":3,"column":58}}},"4":{"name":"(anonymous_4)","line":3,"loc":{"start":{"line":3,"column":342},"end":{"line":3,"column":352}}},"5":{"name":"(anonymous_5)","line":3,"loc":{"start":{"line":3,"column":398},"end":{"line":3,"column":411}}},"6":{"name":"(anonymous_6)","line":3,"loc":{"start":{"line":3,"column":769},"end":{"line":3,"column":779}}},"7":{"name":"(anonymous_7)","line":3,"loc":{"start":{"line":3,"column":825},"end":{"line":3,"column":835}}},"8":{"name":"(anonymous_8)","line":3,"loc":{"start":{"line":3,"column":1116},"end":{"line":3,"column":1129}}},"9":{"name":"(anonymous_9)","line":3,"loc":{"start":{"line":3,"column":1177},"end":{"line":3,"column":1188}}},"10":{"name":"(anonymous_10)","line":3,"loc":{"start":{"line":3,"column":1313},"end":{"line":3,"column":1323}}},"11":{"name":"(anonymous_11)","line":3,"loc":{"start":{"line":3,"column":1347},"end":{"line":3,"column":1358}}},"12":{"name":"(anonymous_12)","line":3,"loc":{"start":{"line":3,"column":1417},"end":{"line":3,"column":1428}}},"13":{"name":"(anonymous_13)","line":3,"loc":{"start":{"line":3,"column":1676},"end":{"line":3,"column":1687}}},"14":{"name":"(anonymous_14)","line":3,"loc":{"start":{"line":3,"column":1921},"end":{"line":3,"column":1931}}},"15":{"name":"(anonymous_15)","line":3,"loc":{"start":{"line":3,"column":1952},"end":{"line":3,"column":1962}}}},"statementMap":{"1":{"start":{"line":3,"column":0},"end":{"line":3,"column":1115}},"2":{"start":{"line":3,"column":13},"end":{"line":3,"column":392}},"3":{"start":{"line":3,"column":46},"end":{"line":3,"column":164}},"4":{"start":{"line":3,"column":59},"end":{"line":3,"column":131}},"5":{"start":{"line":3,"column":88},"end":{"line":3,"column":131}},"6":{"start":{"line":3,"column":131},"end":{"line":3,"column":163}},"7":{"start":{"line":3,"column":164},"end":{"line":3,"column":278}},"8":{"start":{"line":3,"column":278},"end":{"line":3,"column":391}},"9":{"start":{"line":3,"column":392},"end":{"line":3,"column":1081}},"10":{"start":{"line":3,"column":425},"end":{"line":3,"column":1079}},"11":{"start":{"line":3,"column":445},"end":{"line":3,"column":759}},"12":{"start":{"line":3,"column":759},"end":{"line":3,"column":1078}},"13":{"start":{"line":3,"column":780},"end":{"line":3,"column":814}},"14":{"start":{"line":3,"column":836},"end":{"line":3,"column":886}},"15":{"start":{"line":3,"column":886},"end":{"line":3,"column":949}},"16":{"start":{"line":3,"column":1081},"end":{"line":3,"column":1106}},"17":{"start":{"line":3,"column":1115},"end":{"line":3,"column":2106}},"18":{"start":{"line":3,"column":1143},"end":{"line":3,"column":2017}},"19":{"start":{"line":3,"column":1189},"end":{"line":3,"column":1343}},"20":{"start":{"line":3,"column":1257},"end":{"line":3,"column":1261}},"21":{"start":{"line":3,"column":1266},"end":{"line":3,"column":1275}},"22":{"start":{"line":3,"column":1275},"end":{"line":3,"column":1342}},"23":{"start":{"line":3,"column":1324},"end":{"line":3,"column":1337}},"24":{"start":{"line":3,"column":1359},"end":{"line":3,"column":1413}},"25":{"start":{"line":3,"column":1429},"end":{"line":3,"column":1450}},"26":{"start":{"line":3,"column":1450},"end":{"line":3,"column":1475}},"27":{"start":{"line":3,"column":1466},"end":{"line":3,"column":1475}},"28":{"start":{"line":3,"column":1475},"end":{"line":3,"column":1507}},"29":{"start":{"line":3,"column":1507},"end":{"line":3,"column":1664}},"30":{"start":{"line":3,"column":1534},"end":{"line":3,"column":1664}},"31":{"start":{"line":3,"column":1664},"end":{"line":3,"column":1672}},"32":{"start":{"line":3,"column":1688},"end":{"line":3,"column":1698}},"33":{"start":{"line":3,"column":1698},"end":{"line":3,"column":1723}},"34":{"start":{"line":3,"column":1723},"end":{"line":3,"column":1909}},"35":{"start":{"line":3,"column":1738},"end":{"line":3,"column":1909}},"36":{"start":{"line":3,"column":1804},"end":{"line":3,"column":1909}},"37":{"start":{"line":3,"column":1831},"end":{"line":3,"column":1909}},"38":{"start":{"line":3,"column":1909},"end":{"line":3,"column":1917}},"39":{"start":{"line":3,"column":1932},"end":{"line":3,"column":2015}},"40":{"start":{"line":3,"column":1963},"end":{"line":3,"column":2013}},"41":{"start":{"line":3,"column":2017},"end":{"line":3,"column":2087}}},"branchMap":{"1":{"line":3,"type":"binary-expr","locations":[{"start":{"line":3,"column":88},"end":{"line":3,"column":97}},{"start":{"line":3,"column":99},"end":{"line":3,"column":122}},{"start":{"line":3,"column":125},"end":{"line":3,"column":129}}]},"2":{"line":3,"type":"cond-expr","locations":[{"start":{"line":3,"column":133},"end":{"line":3,"column":149}},{"start":{"line":3,"column":150},"end":{"line":3,"column":163}}]},"3":{"line":3,"type":"binary-expr","locations":[{"start":{"line":3,"column":141},"end":{"line":3,"column":142}},{"start":{"line":3,"column":144},"end":{"line":3,"column":149}}]},"4":{"line":3,"type":"binary-expr","locations":[{"start":{"line":3,"column":205},"end":{"line":3,"column":206}},{"start":{"line":3,"column":208},"end":{"line":3,"column":252}}]},"5":{"line":3,"type":"binary-expr","locations":[{"start":{"line":3,"column":339},"end":{"line":3,"column":340}},{"start":{"line":3,"column":342},"end":{"line":3,"column":354}}]},"6":{"line":3,"type":"if","locations":[{"start":{"line":3,"column":425},"end":{"line":3,"column":425}},{"start":{"line":3,"column":425},"end":{"line":3,"column":425}}]},"7":{"line":3,"type":"binary-expr","locations":[{"start":{"line":3,"column":428},"end":{"line":3,"column":429}},{"start":{"line":3,"column":431},"end":{"line":3,"column":443}}]},"8":{"line":3,"type":"binary-expr","locations":[{"start":{"line":3,"column":477},"end":{"line":3,"column":502}},{"start":{"line":3,"column":504},"end":{"line":3,"column":579}},{"start":{"line":3,"column":581},"end":{"line":3,"column":666}},{"start":{"line":3,"column":668},"end":{"line":3,"column":675}},{"start":{"line":3,"column":677},"end":{"line":3,"column":711}},{"start":{"line":3,"column":713},"end":{"line":3,"column":749}}]},"9":{"line":3,"type":"binary-expr","locations":[{"start":{"line":3,"column":842},"end":{"line":3,"column":853}},{"start":{"line":3,"column":855},"end":{"line":3,"column":867}}]},"10":{"line":3,"type":"cond-expr","locations":[{"start":{"line":3,"column":877},"end":{"line":3,"column":878}},{"start":{"line":3,"column":879},"end":{"line":3,"column":884}}]},"11":{"line":3,"type":"binary-expr","locations":[{"start":{"line":3,"column":872},"end":{"line":3,"column":873}},{"start":{"line":3,"column":875},"end":{"line":3,"column":876}}]},"12":{"line":3,"type":"cond-expr","locations":[{"start":{"line":3,"column":881},"end":{"line":3,"column":882}},{"start":{"line":3,"column":883},"end":{"line":3,"column":884}}]},"13":{"line":3,"type":"cond-expr","locations":[{"start":{"line":3,"column":900},"end":{"line":3,"column":905}},{"start":{"line":3,"column":906},"end":{"line":3,"column":923}}]},"14":{"line":3,"type":"binary-expr","locations":[{"start":{"line":3,"column":895},"end":{"line":3,"column":896}},{"start":{"line":3,"column":898},"end":{"line":3,"column":899}}]},"15":{"line":3,"type":"cond-expr","locations":[{"start":{"line":3,"column":908},"end":{"line":3,"column":917}},{"start":{"line":3,"column":918},"end":{"line":3,"column":923}}]},"16":{"line":3,"type":"if","locations":[{"start":{"line":3,"column":1189},"end":{"line":3,"column":1189}},{"start":{"line":3,"column":1189},"end":{"line":3,"column":1189}}]},"17":{"line":3,"type":"cond-expr","locations":[{"start":{"line":3,"column":1206},"end":{"line":3,"column":1231}},{"start":{"line":3,"column":1232},"end":{"line":3,"column":1256}}]},"18":{"line":3,"type":"binary-expr","locations":[{"start":{"line":3,"column":1324},"end":{"line":3,"column":1325}},{"start":{"line":3,"column":1328},"end":{"line":3,"column":1336}}]},"19":{"line":3,"type":"if","locations":[{"start":{"line":3,"column":1450},"end":{"line":3,"column":1450}},{"start":{"line":3,"column":1450},"end":{"line":3,"column":1450}}]},"20":{"line":3,"type":"cond-expr","locations":[{"start":{"line":3,"column":1488},"end":{"line":3,"column":1498}},{"start":{"line":3,"column":1499},"end":{"line":3,"column":1506}}]},"21":{"line":3,"type":"binary-expr","locations":[{"start":{"line":3,"column":1619},"end":{"line":3,"column":1620}},{"start":{"line":3,"column":1622},"end":{"line":3,"column":1626}},{"start":{"line":3,"column":1629},"end":{"line":3,"column":1662}}]},"22":{"line":3,"type":"if","locations":[{"start":{"line":3,"column":1738},"end":{"line":3,"column":1738}},{"start":{"line":3,"column":1738},"end":{"line":3,"column":1738}}]},"23":{"line":3,"type":"binary-expr","locations":[{"start":{"line":3,"column":1932},"end":{"line":3,"column":1948}},{"start":{"line":3,"column":1950},"end":{"line":3,"column":2015}}]},"24":{"line":3,"type":"binary-expr","locations":[{"start":{"line":3,"column":1979},"end":{"line":3,"column":1994}},{"start":{"line":3,"column":1996},"end":{"line":3,"column":2013}}]}},"code":["/*! grunt-grunticon Stylesheet Loader - v2.0.2 | https://github.com/filamentgroup/grunticon | (c) 2015 Scott Jehl, Filament Group, Inc. | MIT license. */","","(function(e){function t(t,n,r,o){\"use strict\";function a(){for(var e,n=0;u.length>n;n++)u[n].href&&u[n].href.indexOf(t)>-1&&(e=!0);e?i.media=r||\"all\":setTimeout(a)}var i=e.document.createElement(\"link\"),c=n||e.document.getElementsByTagName(\"script\")[0],u=e.document.styleSheets;return i.rel=\"stylesheet\",i.href=t,i.media=\"only x\",i.onload=o||function(){},c.parentNode.insertBefore(i,c),a(),i}var n=function(r,o){\"use strict\";if(r&&3===r.length){var a=e.navigator,i=e.Image,c=!(!document.createElementNS||!document.createElementNS(\"http://www.w3.org/2000/svg\",\"svg\").createSVGRect||!document.implementation.hasFeature(\"http://www.w3.org/TR/SVG11/feature#Image\",\"1.1\")||e.opera&&-1===a.userAgent.indexOf(\"Chrome\")||-1!==a.userAgent.indexOf(\"Series40\")),u=new i;u.onerror=function(){n.method=\"png\",n.href=r[2],t(r[2])},u.onload=function(){var e=1===u.width&&1===u.height,a=r[e&&c?0:e?1:2];n.method=e&&c?\"svg\":e?\"datapng\":\"png\",n.href=a,t(a,null,null,o)},u.src=\"data:image/gif;base64,R0lGODlhAQABAIAAAAAAAP///ywAAAAAAQABAAACAUwAOw==\",document.documentElement.className+=\" grunticon\"}};n.loadCSS=t,e.grunticon=n})(this);(function(e,t){\"use strict\";var n=t.document,r=\"grunticon:\",o=function(e){if(n.attachEvent?\"complete\"===n.readyState:\"loading\"!==n.readyState)e();else{var t=!1;n.addEventListener(\"readystatechange\",function(){t||(t=!0,e())},!1)}},a=function(e){return t.document.querySelector('link[href$=\"'+e+'\"]')},c=function(e){var t,n,o,a,c,i,u={};if(t=e.sheet,!t)return u;n=t.cssRules?t.cssRules:t.rules;for(var l=0;n.length>l;l++)o=n[l].cssText,a=r+n[l].selectorText,c=o.split(\");\")[0].match(/US\\-ASCII\\,([^\"']+)/),c&&c[1]&&(i=decodeURIComponent(c[1]),u[a]=i);return u},i=function(e){var t,o,a;o=\"data-grunticon-embed\";for(var c in e)if(a=c.slice(r.length),t=n.querySelectorAll(a+\"[\"+o+\"]\"),t.length)for(var i=0;t.length>i;i++)t[i].innerHTML=e[c],t[i].style.backgroundImage=\"none\",t[i].removeAttribute(o);return t},u=function(){\"svg\"===e.method&&o(function(){i(c(a(e.href))),e.embedComplete&&e.embedComplete()})};e.embedIcons=i,e.getCSS=a,e.getIcons=c,e.ready=o,e.svgLoadedCallback=u})(grunticon,this);"],"l":{"3":2}},"/home/travis/build/npmtest/node-npmtest-grunt-grunticon/node_modules/grunt-grunticon/site/src/js/foot.js":{"path":"/home/travis/build/npmtest/node-npmtest-grunt-grunticon/node_modules/grunt-grunticon/site/src/js/foot.js","s":{"1":2,"2":0,"3":0,"4":0,"5":0,"6":0,"7":0,"8":0,"9":0,"10":0,"11":0,"12":0,"13":0,"14":0,"15":0,"16":0,"17":0,"18":0,"19":0,"20":0,"21":0,"22":0,"23":0,"24":0,"25":0,"26":0,"27":0,"28":0,"29":0,"30":0,"31":0,"32":0,"33":0,"34":0},"b":{"1":[0,0],"2":[0,0],"3":[0,0],"4":[0,0],"5":[0,0],"6":[0,0],"7":[0,0],"8":[0,0,0],"9":[0,0],"10":[0,0,0,0,0,0],"11":[0,0],"12":[0,0],"13":[0,0],"14":[0,0],"15":[0,0],"16":[0,0]},"f":{"1":0,"2":0,"3":0,"4":0,"5":0,"6":0,"7":0,"8":0,"9":0,"10":0,"11":0,"12":0,"13":0,"14":0,"15":0},"fnMap":{"1":{"name":"(anonymous_1)","line":6,"loc":{"start":{"line":6,"column":36},"end":{"line":6,"column":49}}},"2":{"name":"(anonymous_2)","line":21,"loc":{"start":{"line":21,"column":17},"end":{"line":21,"column":30}}},"3":{"name":"(anonymous_3)","line":21,"loc":{"start":{"line":21,"column":366},"end":{"line":21,"column":376}}},"4":{"name":"(anonymous_4)","line":21,"loc":{"start":{"line":21,"column":521},"end":{"line":21,"column":532}}},"5":{"name":"(anonymous_5)","line":21,"loc":{"start":{"line":21,"column":763},"end":{"line":21,"column":776}}},"6":{"name":"g","line":21,"loc":{"start":{"line":21,"column":1088},"end":{"line":21,"column":1100}}},"7":{"name":"(anonymous_7)","line":21,"loc":{"start":{"line":21,"column":1452},"end":{"line":21,"column":1462}}},"8":{"name":"(anonymous_8)","line":21,"loc":{"start":{"line":21,"column":1492},"end":{"line":21,"column":1505}}},"9":{"name":"(anonymous_9)","line":21,"loc":{"start":{"line":21,"column":1538},"end":{"line":21,"column":1548}}},"10":{"name":"(anonymous_10)","line":21,"loc":{"start":{"line":21,"column":1557},"end":{"line":21,"column":1567}}},"11":{"name":"(anonymous_11)","line":21,"loc":{"start":{"line":21,"column":1695},"end":{"line":21,"column":1705}}},"12":{"name":"(anonymous_12)","line":21,"loc":{"start":{"line":21,"column":1765},"end":{"line":21,"column":1775}}},"13":{"name":"(anonymous_13)","line":21,"loc":{"start":{"line":21,"column":1819},"end":{"line":21,"column":1832}}},"14":{"name":"(anonymous_14)","line":23,"loc":{"start":{"line":23,"column":35},"end":{"line":23,"column":45}}},"15":{"name":"(anonymous_15)","line":27,"loc":{"start":{"line":27,"column":39},"end":{"line":27,"column":49}}}},"statementMap":{"1":{"start":{"line":2,"column":0},"end":{"line":16,"column":1}},"2":{"start":{"line":3,"column":1},"end":{"line":3,"column":57}},"3":{"start":{"line":4,"column":1},"end":{"line":4,"column":25}},"4":{"start":{"line":5,"column":1},"end":{"line":15,"column":2}},"5":{"start":{"line":6,"column":2},"end":{"line":14,"column":5}},"6":{"start":{"line":7,"column":3},"end":{"line":12,"column":4}},"7":{"start":{"line":8,"column":4},"end":{"line":8,"column":63}},"8":{"start":{"line":11,"column":4},"end":{"line":11,"column":34}},"9":{"start":{"line":13,"column":3},"end":{"line":13,"column":22}},"10":{"start":{"line":21,"column":16},"end":{"line":21,"column":1908}},"11":{"start":{"line":21,"column":44},"end":{"line":21,"column":489}},"12":{"start":{"line":21,"column":377},"end":{"line":21,"column":487}},"13":{"start":{"line":21,"column":489},"end":{"line":21,"column":1813}},"14":{"start":{"line":21,"column":533},"end":{"line":21,"column":567}},"15":{"start":{"line":21,"column":567},"end":{"line":21,"column":744}},"16":{"start":{"line":21,"column":777},"end":{"line":21,"column":892}},"17":{"start":{"line":21,"column":892},"end":{"line":21,"column":1473}},"18":{"start":{"line":21,"column":1101},"end":{"line":21,"column":1470}},"19":{"start":{"line":21,"column":1463},"end":{"line":21,"column":1466}},"20":{"start":{"line":21,"column":1506},"end":{"line":21,"column":1585}},"21":{"start":{"line":21,"column":1585},"end":{"line":21,"column":1595}},"22":{"start":{"line":21,"column":1595},"end":{"line":21,"column":1643}},"23":{"start":{"line":21,"column":1610},"end":{"line":21,"column":1643}},"24":{"start":{"line":21,"column":1643},"end":{"line":21,"column":1811}},"25":{"start":{"line":21,"column":1706},"end":{"line":21,"column":1735}},"26":{"start":{"line":21,"column":1776},"end":{"line":21,"column":1785}},"27":{"start":{"line":21,"column":1813},"end":{"line":21,"column":1867}},"28":{"start":{"line":21,"column":1833},"end":{"line":21,"column":1845}},"29":{"start":{"line":21,"column":1845},"end":{"line":21,"column":1865}},"30":{"start":{"line":21,"column":1867},"end":{"line":21,"column":1885}},"31":{"start":{"line":23,"column":0},"end":{"line":25,"column":17}},"32":{"start":{"line":24,"column":1},"end":{"line":24,"column":59}},"33":{"start":{"line":27,"column":0},"end":{"line":29,"column":17}},"34":{"start":{"line":28,"column":1},"end":{"line":28,"column":63}}},"branchMap":{"1":{"line":2,"type":"if","locations":[{"start":{"line":2,"column":0},"end":{"line":2,"column":0}},{"start":{"line":2,"column":0},"end":{"line":2,"column":0}}]},"2":{"line":5,"type":"if","locations":[{"start":{"line":5,"column":1},"end":{"line":5,"column":1}},{"start":{"line":5,"column":1},"end":{"line":5,"column":1}}]},"3":{"line":7,"type":"if","locations":[{"start":{"line":7,"column":3},"end":{"line":7,"column":3}},{"start":{"line":7,"column":3},"end":{"line":7,"column":3}}]},"4":{"line":21,"type":"binary-expr","locations":[{"start":{"line":21,"column":864},"end":{"line":21,"column":875}},{"start":{"line":21,"column":877},"end":{"line":21,"column":878}}]},"5":{"line":21,"type":"binary-expr","locations":[{"start":{"line":21,"column":881},"end":{"line":21,"column":888}},{"start":{"line":21,"column":890},"end":{"line":21,"column":891}}]},"6":{"line":21,"type":"binary-expr","locations":[{"start":{"line":21,"column":892},"end":{"line":21,"column":893}},{"start":{"line":21,"column":896},"end":{"line":21,"column":929}}]},"7":{"line":21,"type":"binary-expr","locations":[{"start":{"line":21,"column":1032},"end":{"line":21,"column":1040}},{"start":{"line":21,"column":1043},"end":{"line":21,"column":1086}}]},"8":{"line":21,"type":"binary-expr","locations":[{"start":{"line":21,"column":1101},"end":{"line":21,"column":1103}},{"start":{"line":21,"column":1105},"end":{"line":21,"column":1111}},{"start":{"line":21,"column":1114},"end":{"line":21,"column":1176}}]},"9":{"line":21,"type":"cond-expr","locations":[{"start":{"line":21,"column":1376},"end":{"line":21,"column":1387}},{"start":{"line":21,"column":1388},"end":{"line":21,"column":1470}}]},"10":{"line":21,"type":"binary-expr","locations":[{"start":{"line":21,"column":1193},"end":{"line":21,"column":1194}},{"start":{"line":21,"column":1196},"end":{"line":21,"column":1197}},{"start":{"line":21,"column":1200},"end":{"line":21,"column":1243}},{"start":{"line":21,"column":1245},"end":{"line":21,"column":1290}},{"start":{"line":21,"column":1292},"end":{"line":21,"column":1331}},{"start":{"line":21,"column":1333},"end":{"line":21,"column":1374}}]},"11":{"line":21,"type":"cond-expr","locations":[{"start":{"line":21,"column":1431},"end":{"line":21,"column":1440}},{"start":{"line":21,"column":1441},"end":{"line":21,"column":1470}}]},"12":{"line":21,"type":"binary-expr","locations":[{"start":{"line":21,"column":1585},"end":{"line":21,"column":1586}},{"start":{"line":21,"column":1589},"end":{"line":21,"column":1593}}]},"13":{"line":21,"type":"binary-expr","locations":[{"start":{"line":21,"column":1610},"end":{"line":21,"column":1629}},{"start":{"line":21,"column":1632},"end":{"line":21,"column":1641}}]},"14":{"line":21,"type":"cond-expr","locations":[{"start":{"line":21,"column":1667},"end":{"line":21,"column":1798}},{"start":{"line":21,"column":1800},"end":{"line":21,"column":1811}}]},"15":{"line":21,"type":"binary-expr","locations":[{"start":{"line":21,"column":1643},"end":{"line":21,"column":1652}},{"start":{"line":21,"column":1654},"end":{"line":21,"column":1665}}]},"16":{"line":21,"type":"binary-expr","locations":[{"start":{"line":21,"column":1738},"end":{"line":21,"column":1747}},{"start":{"line":21,"column":1750},"end":{"line":21,"column":1797}}]}},"code":["// animate the plus icon","if( document.querySelector ){","\tvar toggle = document.querySelector(\".icon-lamp-blink\");","\tvar toggleClass = \" on\";","\tif( toggle ){","\t\ttoggle.addEventListener( \"click\", function( e ){","\t\t\tif( this.className.indexOf( toggleClass ) > -1 ){","\t\t\t\tthis.className = this.className.replace( toggleClass, \"\" );","\t\t\t}","\t\t\telse {","\t\t\t\tthis.className += toggleClass;","\t\t\t}","\t\t\te.preventDefault();","\t\t});","\t}","}","","/*! fontfaceonload - v0.1.3 - 2014-12-22","* https://github.com/zachleat/fontfaceonload","* Copyright (c) 2014 Zach Leatherman (@zachleat)","* MIT License */(function(e,t){\"use strict\";var n=100,r=\"AxmTYklsjo190QW\",i=2,s=\"sans-serif\",o=\"serif\",u=[\"display:block\",\"position:absolute\",\"top:-999px\",\"left:-999px\",\"font-size:300px\",\"width:auto\",\"height:auto\",\"line-height:normal\",\"margin:0\",\"padding:0\",\"font-variant:normal\",\"white-space:nowrap\",\"font-family:%s\"].join(\";\"),a='<div style=\"'+u+'\">'+r+\"</div>\",f=function(){this.appended=!1,this.dimensions=undefined,this.serif=undefined,this.sansSerif=undefined,this.parent=undefined};f.prototype.initialMeasurements=function(e){var t=this.sansSerif,n=this.serif;this.dimensions={sansSerif:{width:t.offsetWidth,height:t.offsetHeight},serif:{width:n.offsetWidth,height:n.offsetHeight}},t.style.fontFamily=e+\", \"+s,n.style.fontFamily=e+\", \"+o},f.prototype.load=function(e,r){var u=new Date,f=this,l=f.serif,c=f.sansSerif,h=f.parent,p=f.appended,d=f.dimensions,v=r.tolerance||i,m=r.delay||n;h||(h=f.parent=t.createElement(\"div\")),h.innerHTML=a.replace(/\\%s/,s)+a.replace(/\\%s/,o),c=f.sansSerif=h.firstChild,l=f.serif=c.nextSibling,r.glyphs&&(c.innerHTML+=r.glyphs,l.innerHTML+=r.glyphs),function g(){!p&&t.body&&(p=f.appended=!0,t.body.appendChild(h),f.initialMeasurements(e)),d=f.dimensions,p&&d&&(Math.abs(d.sansSerif.width-c.offsetWidth)>v||Math.abs(d.sansSerif.height-c.offsetHeight)>v||Math.abs(d.serif.width-l.offsetWidth)>v||Math.abs(d.serif.height-l.offsetHeight)>v)?r.success():(new Date).getTime()-u.getTime()>r.timeout?r.error():setTimeout(function(){g()},m)}()},f.prototype.init=function(n,r){var i=this,s={glyphs:\"\",success:function(){},error:function(){},timeout:1e4},o;r||(r={});for(var u in s)r.hasOwnProperty(u)||(r[u]=s[u]);!r.glyphs&&\"fonts\"in t?(t.fonts.load(\"1em \"+n).then(function(){r.success(),e.clearTimeout(o)}),r.timeout&&(o=e.setTimeout(function(){r.error()},r.timeout))):i.load(n,r)};var l=function(e,t){var n=new f;return n.init(e,t),n};e.FontFaceOnload=l})(this,this.document);","","FontFaceOnload( \"Arvo\", { success: function(){","\twindow.document.documentElement.className += \" font-arvo\";","}, delay: 150 });","","FontFaceOnload( \"Pacifico\", { success: function(){","\twindow.document.documentElement.className += \" font-pacifico\";","}, delay: 150 });",""],"l":{"2":2,"3":0,"4":0,"5":0,"6":0,"7":0,"8":0,"11":0,"13":0,"21":0,"23":0,"24":0,"27":0,"28":0}},"/home/travis/build/npmtest/node-npmtest-grunt-grunticon/node_modules/grunt-grunticon/site/src/js/head.js":{"path":"/home/travis/build/npmtest/node-npmtest-grunt-grunticon/node_modules/grunt-grunticon/site/src/js/head.js","s":{"1":2,"2":0,"3":0,"4":0,"5":2},"b":{"1":[0,0]},"f":{"1":0},"fnMap":{"1":{"name":"(anonymous_1)","line":2,"loc":{"start":{"line":2,"column":9},"end":{"line":2,"column":19}}}},"statementMap":{"1":{"start":{"line":2,"column":0},"end":{"line":7,"column":2}},"2":{"start":{"line":3,"column":1},"end":{"line":3,"column":31}},"3":{"start":{"line":4,"column":1},"end":{"line":6,"column":2}},"4":{"start":{"line":5,"column":2},"end":{"line":5,"column":80}},"5":{"start":{"line":8,"column":0},"end":{"line":8,"column":113}}},"branchMap":{"1":{"line":4,"type":"if","locations":[{"start":{"line":4,"column":1},"end":{"line":4,"column":1}},{"start":{"line":4,"column":1},"end":{"line":4,"column":1}}]}},"code":["// call grunticon","var cb = function(){","\tgrunticon.svgLoadedCallback();","\tif( grunticon.method ){","\t\twindow.document.documentElement.className += \" grunticon-\" + grunticon.method;","\t}","};","grunticon([\"grunticon/icons.data.svg.css\", \"grunticon/icons.data.png.css\", \"grunticon/icons.fallback.css\"], cb );"],"l":{"2":2,"3":0,"4":0,"5":0,"8":2}}}